<?xml version="1.0" encoding="UTF-8"?>
<!-- Generated by org.testng.reporters.JUnitXMLReporter -->
<testsuite hostname="DESKTOP-L8NSFDL" name="Test" tests="4" failures="1" timestamp="16 Oct 2020 08:33:45 GMT" time="89.722" errors="0">
  <testcase name="validatelogotest" time="0.355" classname="com.qa.openmrs.tests.loginpagetest"/>
  <testcase name="validatetitle" time="0.035" classname="com.qa.openmrs.tests.loginpagetest">
    <failure type="java.lang.AssertionError" message="expected [Login1] but found [Login]">
      <![CDATA[java.lang.AssertionError: expected [Login1] but found [Login]
	at com.qa.openmrs.tests.loginpagetest.validatetitle(loginpagetest.java:36)
... Removed 31 stack frames]]>
    </failure>
  </testcase> <!-- validatetitle -->
  <testcase name="validatelinktest" time="0.232" classname="com.qa.openmrs.tests.loginpagetest"/>
  <testcase name="logintest" time="4.926" classname="com.qa.openmrs.tests.loginpagetest"/>
</testsuite> <!-- Test -->
