<?xml version="1.0" encoding="UTF-8"?>
<testng-results skipped="0" failed="1" total="4" passed="3">
  <reporter-output>
  </reporter-output>
  <suite name="openMRS_Suite" duration-ms="89722" started-at="2020-10-16T08:32:15Z" finished-at="2020-10-16T08:33:45Z">
    <groups>
    </groups>
    <test name="Test" duration-ms="89722" started-at="2020-10-16T08:32:15Z" finished-at="2020-10-16T08:33:45Z">
      <class name="com.qa.openmrs.tests.loginpagetest">
        <test-method status="PASS" signature="Setup()[pri:0, instance:com.qa.openmrs.tests.loginpagetest@59f99ea]" name="Setup" is-config="true" duration-ms="30728" started-at="2020-10-16T14:02:15Z" finished-at="2020-10-16T14:02:46Z">
          <reporter-output>
          </reporter-output>
        </test-method> <!-- Setup -->
        <test-method status="PASS" signature="validatelogotest()[pri:-2, instance:com.qa.openmrs.tests.loginpagetest@59f99ea]" name="validatelogotest" duration-ms="355" started-at="2020-10-16T14:02:46Z" finished-at="2020-10-16T14:02:46Z">
          <reporter-output>
          </reporter-output>
        </test-method> <!-- validatelogotest -->
        <test-method status="PASS" signature="TearDown()[pri:0, instance:com.qa.openmrs.tests.loginpagetest@59f99ea]" name="TearDown" is-config="true" duration-ms="3626" started-at="2020-10-16T14:02:46Z" finished-at="2020-10-16T14:02:50Z">
          <reporter-output>
          </reporter-output>
        </test-method> <!-- TearDown -->
        <test-method status="PASS" signature="Setup()[pri:0, instance:com.qa.openmrs.tests.loginpagetest@59f99ea]" name="Setup" is-config="true" duration-ms="14256" started-at="2020-10-16T14:02:50Z" finished-at="2020-10-16T14:03:04Z">
          <reporter-output>
          </reporter-output>
        </test-method> <!-- Setup -->
        <test-method status="FAIL" signature="validatetitle()[pri:-1, instance:com.qa.openmrs.tests.loginpagetest@59f99ea]" name="validatetitle" duration-ms="35" started-at="2020-10-16T14:03:04Z" finished-at="2020-10-16T14:03:04Z">
          <exception class="java.lang.AssertionError">
            <message>
              <![CDATA[expected [Login1] but found [Login]]]>
            </message>
            <full-stacktrace>
              <![CDATA[java.lang.AssertionError: expected [Login1] but found [Login]
	at org.testng.Assert.fail(Assert.java:94)
	at org.testng.Assert.failNotEquals(Assert.java:513)
	at org.testng.Assert.assertEqualsImpl(Assert.java:135)
	at org.testng.Assert.assertEquals(Assert.java:116)
	at org.testng.Assert.assertEquals(Assert.java:190)
	at org.testng.Assert.assertEquals(Assert.java:200)
	at com.qa.openmrs.tests.loginpagetest.validatetitle(loginpagetest.java:36)
	at sun.reflect.NativeMethodAccessorImpl.invoke0(Native Method)
	at sun.reflect.NativeMethodAccessorImpl.invoke(NativeMethodAccessorImpl.java:62)
	at sun.reflect.DelegatingMethodAccessorImpl.invoke(DelegatingMethodAccessorImpl.java:43)
	at java.lang.reflect.Method.invoke(Method.java:498)
	at org.testng.internal.MethodInvocationHelper.invokeMethod(MethodInvocationHelper.java:100)
	at org.testng.internal.Invoker.invokeMethod(Invoker.java:646)
	at org.testng.internal.Invoker.invokeTestMethod(Invoker.java:811)
	at org.testng.internal.Invoker.invokeTestMethods(Invoker.java:1137)
	at org.testng.internal.TestMethodWorker.invokeTestMethods(TestMethodWorker.java:129)
	at org.testng.internal.TestMethodWorker.run(TestMethodWorker.java:112)
	at org.testng.TestRunner.privateRun(TestRunner.java:753)
	at org.testng.TestRunner.run(TestRunner.java:607)
	at org.testng.SuiteRunner.runTest(SuiteRunner.java:368)
	at org.testng.SuiteRunner.runSequentially(SuiteRunner.java:363)
	at org.testng.SuiteRunner.privateRun(SuiteRunner.java:321)
	at org.testng.SuiteRunner.run(SuiteRunner.java:270)
	at org.testng.SuiteRunnerWorker.runSuite(SuiteRunnerWorker.java:52)
	at org.testng.SuiteRunnerWorker.run(SuiteRunnerWorker.java:86)
	at org.testng.TestNG.runSuitesSequentially(TestNG.java:1284)
	at org.testng.TestNG.runSuitesLocally(TestNG.java:1209)
	at org.testng.TestNG.runSuites(TestNG.java:1124)
	at org.testng.TestNG.run(TestNG.java:1096)
	at org.testng.remote.AbstractRemoteTestNG.run(AbstractRemoteTestNG.java:132)
	at org.testng.remote.RemoteTestNG.initAndRun(RemoteTestNG.java:236)
	at org.testng.remote.RemoteTestNG.main(RemoteTestNG.java:81)
]]>
            </full-stacktrace>
          </exception> <!-- java.lang.AssertionError -->
          <reporter-output>
          </reporter-output>
        </test-method> <!-- validatetitle -->
        <test-method status="PASS" signature="TearDown()[pri:0, instance:com.qa.openmrs.tests.loginpagetest@59f99ea]" name="TearDown" is-config="true" duration-ms="2145" started-at="2020-10-16T14:03:05Z" finished-at="2020-10-16T14:03:07Z">
          <reporter-output>
          </reporter-output>
        </test-method> <!-- TearDown -->
        <test-method status="PASS" signature="Setup()[pri:0, instance:com.qa.openmrs.tests.loginpagetest@59f99ea]" name="Setup" is-config="true" duration-ms="14071" started-at="2020-10-16T14:03:07Z" finished-at="2020-10-16T14:03:22Z">
          <reporter-output>
          </reporter-output>
        </test-method> <!-- Setup -->
        <test-method status="PASS" signature="validatelinktest()[pri:0, instance:com.qa.openmrs.tests.loginpagetest@59f99ea]" name="validatelinktest" duration-ms="232" started-at="2020-10-16T14:03:22Z" finished-at="2020-10-16T14:03:22Z">
          <reporter-output>
          </reporter-output>
        </test-method> <!-- validatelinktest -->
        <test-method status="PASS" signature="TearDown()[pri:0, instance:com.qa.openmrs.tests.loginpagetest@59f99ea]" name="TearDown" is-config="true" duration-ms="1992" started-at="2020-10-16T14:03:22Z" finished-at="2020-10-16T14:03:24Z">
          <reporter-output>
          </reporter-output>
        </test-method> <!-- TearDown -->
        <test-method status="PASS" signature="Setup()[pri:0, instance:com.qa.openmrs.tests.loginpagetest@59f99ea]" name="Setup" is-config="true" duration-ms="13789" started-at="2020-10-16T14:03:24Z" finished-at="2020-10-16T14:03:38Z">
          <reporter-output>
          </reporter-output>
        </test-method> <!-- Setup -->
        <test-method status="PASS" signature="logintest()[pri:3, instance:com.qa.openmrs.tests.loginpagetest@59f99ea]" name="logintest" duration-ms="4926" started-at="2020-10-16T14:03:38Z" finished-at="2020-10-16T14:03:42Z">
          <reporter-output>
          </reporter-output>
        </test-method> <!-- logintest -->
        <test-method status="PASS" signature="TearDown()[pri:0, instance:com.qa.openmrs.tests.loginpagetest@59f99ea]" name="TearDown" is-config="true" duration-ms="2222" started-at="2020-10-16T14:03:42Z" finished-at="2020-10-16T14:03:45Z">
          <reporter-output>
          </reporter-output>
        </test-method> <!-- TearDown -->
      </class> <!-- com.qa.openmrs.tests.loginpagetest -->
    </test> <!-- Test -->
  </suite> <!-- openMRS_Suite -->
</testng-results>
